<?xml version="1.0" encoding="UTF-8"?>
<!-- Generated by org.testng.reporters.JUnitXMLReporter -->
<testsuite ignored="0" hostname="DESKTOP-SJQA71F" failures="0" tests="5" name="Default test" time="0.067" errors="0" timestamp="2022-11-06T08:49:35 CST">
  <testcase classname="com.service.PriorityTest" name="b" time="0.011"/>
  <testcase classname="com.service.PriorityTest" name="f" time="0.001"/>
  <testcase classname="com.service.PriorityTest" name="c" time="0.002"/>
  <testcase classname="com.service.PriorityTest" name="d" time="0.002"/>
  <testcase classname="com.service.PriorityTest" name="a" time="0.001"/>
</testsuite> <!-- Default test -->
