<?xml version="1.0" encoding="UTF-8"?>
<testng-results ignored="0" total="5" passed="5" failed="0" skipped="0">
  <reporter-output>
  </reporter-output>
  <suite started-at="2022-11-06T08:49:35 CST" name="Default suite" finished-at="2022-11-06T08:49:35 CST" duration-ms="67">
    <groups>
    </groups>
    <test started-at="2022-11-06T08:49:35 CST" name="Default test" finished-at="2022-11-06T08:49:35 CST" duration-ms="67">
      <class name="com.service.PriorityTest">
        <test-method signature="b()[pri:0, instance:com.service.PriorityTest@654f0d9c]" started-at="2022-11-06T08:49:35 CST" name="b" finished-at="2022-11-06T08:49:35 CST" duration-ms="11" status="PASS">
          <reporter-output>
          </reporter-output>
        </test-method> <!-- b -->
        <test-method signature="f()[pri:0, instance:com.service.PriorityTest@654f0d9c]" started-at="2022-11-06T08:49:35 CST" name="f" finished-at="2022-11-06T08:49:35 CST" duration-ms="1" status="PASS">
          <reporter-output>
          </reporter-output>
        </test-method> <!-- f -->
        <test-method signature="c()[pri:1, instance:com.service.PriorityTest@654f0d9c]" started-at="2022-11-06T08:49:35 CST" name="c" finished-at="2022-11-06T08:49:35 CST" duration-ms="2" status="PASS">
          <reporter-output>
          </reporter-output>
        </test-method> <!-- c -->
        <test-method signature="d()[pri:2, instance:com.service.PriorityTest@654f0d9c]" started-at="2022-11-06T08:49:35 CST" name="d" finished-at="2022-11-06T08:49:35 CST" duration-ms="2" status="PASS">
          <reporter-output>
          </reporter-output>
        </test-method> <!-- d -->
        <test-method signature="a()[pri:3, instance:com.service.PriorityTest@654f0d9c]" started-at="2022-11-06T08:49:35 CST" name="a" finished-at="2022-11-06T08:49:35 CST" duration-ms="1" status="PASS">
          <reporter-output>
          </reporter-output>
        </test-method> <!-- a -->
      </class> <!-- com.service.PriorityTest -->
    </test> <!-- Default test -->
  </suite> <!-- Default suite -->
</testng-results>
