-------------------------------------------------------------------------------
Test set: com.java2blog.SpringBootJDBCExample.SpringBootJdbcExampleApplicationTests
-------------------------------------------------------------------------------
Tests run: 1, Failures: 0, Errors: 1, Skipped: 0, Time elapsed: 0.286 s <<< FAILURE! - in com.java2blog.SpringBootJDBCExample.SpringBootJdbcExampleApplicationTests
com.java2blog.SpringBootJDBCExample.SpringBootJdbcExampleApplicationTests  Time elapsed: 0.285 s  <<< ERROR!
java.lang.IllegalStateException: Unable to find a @SpringBootConfiguration, you need to use @ContextConfiguration or @SpringBootTest(classes=...) with your test

