<?xml version="1.0" encoding="UTF-8"?>
<testsuite xmlns:xsi="http://www.w3.org/2001/XMLSchema-instance" xsi:noNamespaceSchemaLocation="https://maven.apache.org/surefire/maven-surefire-plugin/xsd/surefire-test-report.xsd" name="com.java2blog.SpringBootJDBCExample.SpringBootJdbcExampleApplicationTests" time="0.286" tests="1" errors="1" skipped="0" failures="0">
  <properties>
[...]
</properties>
  <testcase name="com.java2blog.SpringBootJDBCExample.SpringBootJdbcExampleApplicationTests" classname="com.java2blog.SpringBootJDBCExample.SpringBootJdbcExampleApplicationTests" time="0.285">
    <error message="Unable to find a @SpringBootConfiguration, you need to use @ContextConfiguration or @SpringBootTest(classes=...) with your test" type="java.lang.IllegalStateException">java.lang.IllegalStateException: Unable to find a @SpringBootConfiguration, you need to use @ContextConfiguration or @SpringBootTest(classes=...) with your test
</error>
    <system-out><![CDATA[12:20:51.570 [main] DEBUG org.springframework.test.context.BootstrapUtils - Instantiating CacheAwareContextLoaderDelegate from class [org.springframework.test.context.cache.DefaultCacheAwareContextLoaderDelegate]
12:20:51.588 [main] DEBUG org.springframework.test.context.BootstrapUtils - Instantiating BootstrapContext using constructor [public org.springframework.test.context.support.DefaultBootstrapContext(java.lang.Class,org.springframework.test.context.CacheAwareContextLoaderDelegate)]
12:20:51.628 [main] DEBUG org.springframework.test.context.BootstrapUtils - Instantiating TestContextBootstrapper for test class [com.java2blog.SpringBootJDBCExample.SpringBootJdbcExampleApplicationTests] from class [org.springframework.boot.test.context.SpringBootTestContextBootstrapper]
12:20:51.642 [main] INFO org.springframework.boot.test.context.SpringBootTestContextBootstrapper - Neither @ContextConfiguration nor @ContextHierarchy found for test class [com.java2blog.SpringBootJDBCExample.SpringBootJdbcExampleApplicationTests], using SpringBootContextLoader
12:20:51.646 [main] DEBUG org.springframework.test.context.support.AbstractContextLoader - Did not detect default resource location for test class [com.java2blog.SpringBootJDBCExample.SpringBootJdbcExampleApplicationTests]: class path resource [com/java2blog/SpringBootJDBCExample/SpringBootJdbcExampleApplicationTests-context.xml] does not exist
12:20:51.647 [main] DEBUG org.springframework.test.context.support.AbstractContextLoader - Did not detect default resource location for test class [com.java2blog.SpringBootJDBCExample.SpringBootJdbcExampleApplicationTests]: class path resource [com/java2blog/SpringBootJDBCExample/SpringBootJdbcExampleApplicationTestsContext.groovy] does not exist
12:20:51.647 [main] INFO org.springframework.test.context.support.AbstractContextLoader - Could not detect default resource locations for test class [com.java2blog.SpringBootJDBCExample.SpringBootJdbcExampleApplicationTests]: no resource found for suffixes {-context.xml, Context.groovy}.
12:20:51.647 [main] INFO org.springframework.test.context.support.AnnotationConfigContextLoaderUtils - Could not detect default configuration classes for test class [com.java2blog.SpringBootJDBCExample.SpringBootJdbcExampleApplicationTests]: SpringBootJdbcExampleApplicationTests does not declare any static, non-private, non-final, nested classes annotated with @Configuration.
12:20:51.681 [main] DEBUG org.springframework.test.context.support.ActiveProfilesUtils - Could not find an 'annotation declaring class' for annotation type [org.springframework.test.context.ActiveProfiles] and class [com.java2blog.SpringBootJDBCExample.SpringBootJdbcExampleApplicationTests]
12:20:51.729 [main] DEBUG org.springframework.test.context.BootstrapUtils - Instantiating CacheAwareContextLoaderDelegate from class [org.springframework.test.context.cache.DefaultCacheAwareContextLoaderDelegate]
12:20:51.729 [main] DEBUG org.springframework.test.context.BootstrapUtils - Instantiating BootstrapContext using constructor [public org.springframework.test.context.support.DefaultBootstrapContext(java.lang.Class,org.springframework.test.context.CacheAwareContextLoaderDelegate)]
12:20:51.730 [main] DEBUG org.springframework.test.context.BootstrapUtils - Instantiating TestContextBootstrapper for test class [com.java2blog.SpringBootJDBCExample.SpringBootJdbcExampleApplicationTests] from class [org.springframework.boot.test.context.SpringBootTestContextBootstrapper]
12:20:51.730 [main] INFO org.springframework.boot.test.context.SpringBootTestContextBootstrapper - Neither @ContextConfiguration nor @ContextHierarchy found for test class [com.java2blog.SpringBootJDBCExample.SpringBootJdbcExampleApplicationTests], using SpringBootContextLoader
12:20:51.731 [main] DEBUG org.springframework.test.context.support.AbstractContextLoader - Did not detect default resource location for test class [com.java2blog.SpringBootJDBCExample.SpringBootJdbcExampleApplicationTests]: class path resource [com/java2blog/SpringBootJDBCExample/SpringBootJdbcExampleApplicationTests-context.xml] does not exist
12:20:51.731 [main] DEBUG org.springframework.test.context.support.AbstractContextLoader - Did not detect default resource location for test class [com.java2blog.SpringBootJDBCExample.SpringBootJdbcExampleApplicationTests]: class path resource [com/java2blog/SpringBootJDBCExample/SpringBootJdbcExampleApplicationTestsContext.groovy] does not exist
12:20:51.731 [main] INFO org.springframework.test.context.support.AbstractContextLoader - Could not detect default resource locations for test class [com.java2blog.SpringBootJDBCExample.SpringBootJdbcExampleApplicationTests]: no resource found for suffixes {-context.xml, Context.groovy}.
12:20:51.731 [main] INFO org.springframework.test.context.support.AnnotationConfigContextLoaderUtils - Could not detect default configuration classes for test class [com.java2blog.SpringBootJDBCExample.SpringBootJdbcExampleApplicationTests]: SpringBootJdbcExampleApplicationTests does not declare any static, non-private, non-final, nested classes annotated with @Configuration.
12:20:51.735 [main] DEBUG org.springframework.test.context.support.ActiveProfilesUtils - Could not find an 'annotation declaring class' for annotation type [org.springframework.test.context.ActiveProfiles] and class [com.java2blog.SpringBootJDBCExample.SpringBootJdbcExampleApplicationTests]
12:20:51.748 [main] DEBUG org.springframework.test.context.BootstrapUtils - Instantiating CacheAwareContextLoaderDelegate from class [org.springframework.test.context.cache.DefaultCacheAwareContextLoaderDelegate]
12:20:51.748 [main] DEBUG org.springframework.test.context.BootstrapUtils - Instantiating BootstrapContext using constructor [public org.springframework.test.context.support.DefaultBootstrapContext(java.lang.Class,org.springframework.test.context.CacheAwareContextLoaderDelegate)]
12:20:51.749 [main] DEBUG org.springframework.test.context.BootstrapUtils - Instantiating TestContextBootstrapper for test class [com.java2blog.SpringBootJDBCExample.SpringBootJdbcExampleApplicationTests] from class [org.springframework.boot.test.context.SpringBootTestContextBootstrapper]
12:20:51.750 [main] INFO org.springframework.boot.test.context.SpringBootTestContextBootstrapper - Neither @ContextConfiguration nor @ContextHierarchy found for test class [com.java2blog.SpringBootJDBCExample.SpringBootJdbcExampleApplicationTests], using SpringBootContextLoader
12:20:51.751 [main] DEBUG org.springframework.test.context.support.AbstractContextLoader - Did not detect default resource location for test class [com.java2blog.SpringBootJDBCExample.SpringBootJdbcExampleApplicationTests]: class path resource [com/java2blog/SpringBootJDBCExample/SpringBootJdbcExampleApplicationTests-context.xml] does not exist
12:20:51.751 [main] DEBUG org.springframework.test.context.support.AbstractContextLoader - Did not detect default resource location for test class [com.java2blog.SpringBootJDBCExample.SpringBootJdbcExampleApplicationTests]: class path resource [com/java2blog/SpringBootJDBCExample/SpringBootJdbcExampleApplicationTestsContext.groovy] does not exist
12:20:51.751 [main] INFO org.springframework.test.context.support.AbstractContextLoader - Could not detect default resource locations for test class [com.java2blog.SpringBootJDBCExample.SpringBootJdbcExampleApplicationTests]: no resource found for suffixes {-context.xml, Context.groovy}.
12:20:51.752 [main] INFO org.springframework.test.context.support.AnnotationConfigContextLoaderUtils - Could not detect default configuration classes for test class [com.java2blog.SpringBootJDBCExample.SpringBootJdbcExampleApplicationTests]: SpringBootJdbcExampleApplicationTests does not declare any static, non-private, non-final, nested classes annotated with @Configuration.
12:20:51.754 [main] DEBUG org.springframework.test.context.support.ActiveProfilesUtils - Could not find an 'annotation declaring class' for annotation type [org.springframework.test.context.ActiveProfiles] and class [com.java2blog.SpringBootJDBCExample.SpringBootJdbcExampleApplicationTests]
]]></system-out>
  </testcase>
</testsuite>